0 info it worked if it ends with ok
1 verbose cli [ 'node', '/usr/local/bin/npm', 'install' ]
2 info using npm@1.4.28
3 info using node@v0.10.32
4 verbose readDependencies using package.json deps
5 verbose install where, deps [ '/Users/shaunjanssens/Hack de bib/geboekt',
5 verbose install   [ 'express', 'ejs' ] ]
6 info preinstall geboekt@0.0.0
7 verbose readDependencies using package.json deps
8 verbose cache add [ 'express@4.12.3', null ]
9 verbose cache add name=undefined spec="express@4.12.3" args=["express@4.12.3",null]
10 verbose parsed url { protocol: null,
10 verbose parsed url   slashes: null,
10 verbose parsed url   auth: null,
10 verbose parsed url   host: null,
10 verbose parsed url   port: null,
10 verbose parsed url   hostname: null,
10 verbose parsed url   hash: null,
10 verbose parsed url   search: null,
10 verbose parsed url   query: null,
10 verbose parsed url   pathname: 'express@4.12.3',
10 verbose parsed url   path: 'express@4.12.3',
10 verbose parsed url   href: 'express@4.12.3' }
11 verbose cache add [ 'ejs@2.3.1', null ]
12 verbose cache add name=undefined spec="ejs@2.3.1" args=["ejs@2.3.1",null]
13 verbose parsed url { protocol: null,
13 verbose parsed url   slashes: null,
13 verbose parsed url   auth: null,
13 verbose parsed url   host: null,
13 verbose parsed url   port: null,
13 verbose parsed url   hostname: null,
13 verbose parsed url   hash: null,
13 verbose parsed url   search: null,
13 verbose parsed url   query: null,
13 verbose parsed url   pathname: 'ejs@2.3.1',
13 verbose parsed url   path: 'ejs@2.3.1',
13 verbose parsed url   href: 'ejs@2.3.1' }
14 verbose cache add name="express" spec="4.12.3" args=["express","4.12.3"]
15 verbose parsed url { protocol: null,
15 verbose parsed url   slashes: null,
15 verbose parsed url   auth: null,
15 verbose parsed url   host: null,
15 verbose parsed url   port: null,
15 verbose parsed url   hostname: null,
15 verbose parsed url   hash: null,
15 verbose parsed url   search: null,
15 verbose parsed url   query: null,
15 verbose parsed url   pathname: '4.12.3',
15 verbose parsed url   path: '4.12.3',
15 verbose parsed url   href: '4.12.3' }
16 verbose addNamed [ 'express', '4.12.3' ]
17 verbose addNamed [ '4.12.3', '4.12.3' ]
18 verbose cache add name="ejs" spec="2.3.1" args=["ejs","2.3.1"]
19 verbose parsed url { protocol: null,
19 verbose parsed url   slashes: null,
19 verbose parsed url   auth: null,
19 verbose parsed url   host: null,
19 verbose parsed url   port: null,
19 verbose parsed url   hostname: null,
19 verbose parsed url   hash: null,
19 verbose parsed url   search: null,
19 verbose parsed url   query: null,
19 verbose parsed url   pathname: '2.3.1',
19 verbose parsed url   path: '2.3.1',
19 verbose parsed url   href: '2.3.1' }
20 verbose addNamed [ 'ejs', '2.3.1' ]
21 verbose addNamed [ '2.3.1', '2.3.1' ]
22 silly lockFile 0b3fc563-express-4-12-3 express@4.12.3
23 verbose lock express@4.12.3 /Users/shaunjanssens/.npm/0b3fc563-express-4-12-3.lock
24 silly lockFile 823d5f08-ejs-2-3-1 ejs@2.3.1
25 verbose lock ejs@2.3.1 /Users/shaunjanssens/.npm/823d5f08-ejs-2-3-1.lock
26 verbose request where is /ejs
27 verbose request registry https://registry.npmjs.org/
28 verbose request id be63894b50bf7b75
29 verbose url raw /ejs
30 verbose url resolving [ 'https://registry.npmjs.org/', './ejs' ]
31 verbose url resolved https://registry.npmjs.org/ejs
32 verbose request where is https://registry.npmjs.org/ejs
33 info trying registry request attempt 1 at 12:36:19
34 http GET https://registry.npmjs.org/ejs
35 verbose request where is /express
36 verbose request registry https://registry.npmjs.org/
37 verbose url raw /express
38 verbose url resolving [ 'https://registry.npmjs.org/', './express' ]
39 verbose url resolved https://registry.npmjs.org/express
40 verbose request where is https://registry.npmjs.org/express
41 info trying registry request attempt 1 at 12:36:19
42 verbose etag "A3DNF2QZWNVEQVL1M1SWVZZ3Q"
43 http GET https://registry.npmjs.org/express
44 http 200 https://registry.npmjs.org/express
45 silly registry.get cb [ 200,
45 silly registry.get   { date: 'Sat, 21 Mar 2015 11:36:18 GMT',
45 silly registry.get     server: 'CouchDB/1.5.0 (Erlang OTP/R16B03)',
45 silly registry.get     etag: '"DQ0ZJ3DZE7UDZADD3AP495LN4"',
45 silly registry.get     'content-type': 'application/json',
45 silly registry.get     'cache-control': 'max-age=60',
45 silly registry.get     'content-length': '491582',
45 silly registry.get     'accept-ranges': 'bytes',
45 silly registry.get     via: '1.1 varnish',
45 silly registry.get     age: '13',
45 silly registry.get     'x-served-by': 'cache-fra1233-FRA',
45 silly registry.get     'x-cache': 'HIT',
45 silly registry.get     'x-cache-hits': '1',
45 silly registry.get     'x-timer': 'S1426937778.737074,VS0,VE2',
45 silly registry.get     vary: 'Accept',
45 silly registry.get     'keep-alive': 'timeout=10, max=50',
45 silly registry.get     connection: 'Keep-Alive' } ]
46 silly lockFile c3db49de-s-org-express-express-4-12-3-tgz https://registry.npmjs.org/express/-/express-4.12.3.tgz
47 verbose lock https://registry.npmjs.org/express/-/express-4.12.3.tgz /Users/shaunjanssens/.npm/c3db49de-s-org-express-express-4-12-3-tgz.lock
48 verbose addRemoteTarball [ 'https://registry.npmjs.org/express/-/express-4.12.3.tgz',
48 verbose addRemoteTarball   '6b9d94aec5ae03270d86d390c277a8c5a5ad0ee2' ]
49 info retry fetch attempt 1 at 12:36:19
50 verbose fetch to= /var/folders/35/y8jq25050xjdbd3qdy9ny4r00000gn/T/npm-3971-7B5IdM7z/registry.npmjs.org/express/-/express-4.12.3.tgz
51 http GET https://registry.npmjs.org/express/-/express-4.12.3.tgz
52 http 200 https://registry.npmjs.org/express/-/express-4.12.3.tgz
53 silly lockFile c3db49de-s-org-express-express-4-12-3-tgz https://registry.npmjs.org/express/-/express-4.12.3.tgz
54 silly lockFile c3db49de-s-org-express-express-4-12-3-tgz https://registry.npmjs.org/express/-/express-4.12.3.tgz
55 silly lockFile 0b3fc563-express-4-12-3 express@4.12.3
56 silly lockFile 0b3fc563-express-4-12-3 express@4.12.3
57 http 200 https://registry.npmjs.org/ejs
58 silly registry.get cb [ 200,
58 silly registry.get   { date: 'Sat, 21 Mar 2015 11:36:19 GMT',
58 silly registry.get     server: 'CouchDB/1.5.0 (Erlang OTP/R16B03)',
58 silly registry.get     etag: '"95YLA7ZMNV0YWAJ8C8SQC8CYR"',
58 silly registry.get     'content-type': 'application/json',
58 silly registry.get     'cache-control': 'max-age=60',
58 silly registry.get     'content-length': '44938',
58 silly registry.get     'accept-ranges': 'bytes',
58 silly registry.get     via: '1.1 varnish',
58 silly registry.get     age: '0',
58 silly registry.get     'x-served-by': 'cache-fra1235-FRA',
58 silly registry.get     'x-cache': 'HIT',
58 silly registry.get     'x-cache-hits': '1',
58 silly registry.get     'x-timer': 'S1426937778.737209,VS0,VE370',
58 silly registry.get     vary: 'Accept',
58 silly registry.get     'keep-alive': 'timeout=10, max=50',
58 silly registry.get     connection: 'Keep-Alive' } ]
59 silly lockFile f5dbddfd-stry-npmjs-org-ejs-ejs-2-3-1-tgz https://registry.npmjs.org/ejs/-/ejs-2.3.1.tgz
60 verbose lock https://registry.npmjs.org/ejs/-/ejs-2.3.1.tgz /Users/shaunjanssens/.npm/f5dbddfd-stry-npmjs-org-ejs-ejs-2-3-1-tgz.lock
61 verbose addRemoteTarball [ 'https://registry.npmjs.org/ejs/-/ejs-2.3.1.tgz',
61 verbose addRemoteTarball   'a697d98ac401e32a99c3deed92c60c19b6199a7f' ]
62 info retry fetch attempt 1 at 12:36:19
63 verbose fetch to= /var/folders/35/y8jq25050xjdbd3qdy9ny4r00000gn/T/npm-3971-7B5IdM7z/registry.npmjs.org/ejs/-/ejs-2.3.1.tgz
64 http GET https://registry.npmjs.org/ejs/-/ejs-2.3.1.tgz
65 http 200 https://registry.npmjs.org/ejs/-/ejs-2.3.1.tgz
66 silly lockFile f5dbddfd-stry-npmjs-org-ejs-ejs-2-3-1-tgz https://registry.npmjs.org/ejs/-/ejs-2.3.1.tgz
67 silly lockFile f5dbddfd-stry-npmjs-org-ejs-ejs-2-3-1-tgz https://registry.npmjs.org/ejs/-/ejs-2.3.1.tgz
68 silly lockFile 823d5f08-ejs-2-3-1 ejs@2.3.1
69 silly lockFile 823d5f08-ejs-2-3-1 ejs@2.3.1
70 error Error: EACCES, mkdir '/Users/shaunjanssens/.npm/express/4.12.3'
70 error  { [Error: EACCES, mkdir '/Users/shaunjanssens/.npm/express/4.12.3']
70 error   errno: 3,
70 error   code: 'EACCES',
70 error   path: '/Users/shaunjanssens/.npm/express/4.12.3',
70 error   parent: 'geboekt' }
71 error Please try running this command again as root/Administrator.
72 error System Darwin 14.1.0
73 error command "node" "/usr/local/bin/npm" "install"
74 error cwd /Users/shaunjanssens/Hack de bib/geboekt
75 error node -v v0.10.32
76 error npm -v 1.4.28
77 error path /Users/shaunjanssens/.npm/express/4.12.3
78 error code EACCES
79 error errno 3
80 error stack Error: EACCES, mkdir '/Users/shaunjanssens/.npm/express/4.12.3'
81 verbose exit [ 3, true ]
